<?xml version="1.0" encoding="UTF-8"?>
<testng-results skipped="0" failed="0" ignored="0" total="2" passed="2">
  <reporter-output>
  </reporter-output>
  <suite name="Suite" duration-ms="28437" started-at="2019-10-06T06:59:37Z" finished-at="2019-10-06T07:00:05Z">
    <groups>
      <group name="cucumber">
        <method signature="AbstractTestNGCucumberTests.runScenario(cucumber.api.testng.PickleEventWrapper, cucumber.api.testng.CucumberFeatureWrapper)[pri:0, instance:runner.TC001_LoginLogout@2b2948e2]" name="runScenario" class="cucumber.api.testng.AbstractTestNGCucumberTests"/>
      </group> <!-- cucumber -->
    </groups>
    <test name="Test" duration-ms="28437" started-at="2019-10-06T06:59:37Z" finished-at="2019-10-06T07:00:05Z">
      <class name="runner.TC001_LoginLogout">
        <test-method status="PASS" signature="startReport()[pri:0, instance:runner.TC001_LoginLogout@2b2948e2]" name="startReport" is-config="true" duration-ms="172" started-at="2019-10-06T06:59:36Z" finished-at="2019-10-06T06:59:37Z">
          <reporter-output>
          </reporter-output>
        </test-method> <!-- startReport -->
        <test-method status="PASS" signature="setData()[pri:0, instance:runner.TC001_LoginLogout@2b2948e2]" name="setData" is-config="true" duration-ms="0" started-at="2019-10-06T06:59:37Z" finished-at="2019-10-06T06:59:37Z">
          <reporter-output>
          </reporter-output>
        </test-method> <!-- setData -->
        <test-method status="PASS" signature="setUpClass()[pri:0, instance:runner.TC001_LoginLogout@2b2948e2]" name="setUpClass" is-config="true" duration-ms="125" started-at="2019-10-06T06:59:37Z" finished-at="2019-10-06T06:59:37Z">
          <reporter-output>
          </reporter-output>
        </test-method> <!-- setUpClass -->
        <test-method status="PASS" signature="report()[pri:0, instance:runner.TC001_LoginLogout@2b2948e2]" name="report" is-config="true" duration-ms="15" started-at="2019-10-06T06:59:37Z" finished-at="2019-10-06T06:59:37Z">
          <reporter-output>
          </reporter-output>
        </test-method> <!-- report -->
        <test-method status="PASS" signature="beforeMethod()[pri:0, instance:runner.TC001_LoginLogout@2b2948e2]" name="beforeMethod" is-config="true" duration-ms="12696" started-at="2019-10-06T06:59:37Z" finished-at="2019-10-06T06:59:49Z">
          <reporter-output>
          </reporter-output>
        </test-method> <!-- beforeMethod -->
        <test-method status="PASS" signature="runScenario(cucumber.api.testng.PickleEventWrapper, cucumber.api.testng.CucumberFeatureWrapper)[pri:0, instance:runner.TC001_LoginLogout@2b2948e2]" name="runScenario" duration-ms="2749" started-at="2019-10-06T06:59:49Z" description="Runs Cucumber Scenarios" data-provider="scenarios" finished-at="2019-10-06T06:59:52Z">
          <params>
            <param index="0">
              <value>
                <![CDATA["TC001 Positive Login Flow"]]>
              </value>
            </param>
            <param index="1">
              <value>
                <![CDATA["Leaftaps Login Test"]]>
              </value>
            </param>
          </params>
          <reporter-output>
          </reporter-output>
        </test-method> <!-- runScenario -->
        <test-method status="PASS" signature="afterMethod()[pri:0, instance:runner.TC001_LoginLogout@2b2948e2]" name="afterMethod" is-config="true" duration-ms="331" started-at="2019-10-06T06:59:52Z" finished-at="2019-10-06T06:59:53Z">
          <reporter-output>
          </reporter-output>
        </test-method> <!-- afterMethod -->
        <test-method status="PASS" signature="beforeMethod()[pri:0, instance:runner.TC001_LoginLogout@2b2948e2]" name="beforeMethod" is-config="true" duration-ms="9893" started-at="2019-10-06T06:59:53Z" finished-at="2019-10-06T07:00:02Z">
          <reporter-output>
          </reporter-output>
        </test-method> <!-- beforeMethod -->
        <test-method status="PASS" signature="runScenario(cucumber.api.testng.PickleEventWrapper, cucumber.api.testng.CucumberFeatureWrapper)[pri:0, instance:runner.TC001_LoginLogout@2b2948e2]" name="runScenario" duration-ms="2386" started-at="2019-10-06T07:00:02Z" description="Runs Cucumber Scenarios" data-provider="scenarios" finished-at="2019-10-06T07:00:05Z">
          <params>
            <param index="0">
              <value>
                <![CDATA["TC001 Positive Login Flow"]]>
              </value>
            </param>
            <param index="1">
              <value>
                <![CDATA["Leaftaps Login Test"]]>
              </value>
            </param>
          </params>
          <reporter-output>
          </reporter-output>
        </test-method> <!-- runScenario -->
        <test-method status="PASS" signature="afterMethod()[pri:0, instance:runner.TC001_LoginLogout@2b2948e2]" name="afterMethod" is-config="true" duration-ms="180" started-at="2019-10-06T07:00:05Z" finished-at="2019-10-06T07:00:05Z">
          <reporter-output>
          </reporter-output>
        </test-method> <!-- afterMethod -->
        <test-method status="PASS" signature="tearDownClass()[pri:0, instance:runner.TC001_LoginLogout@2b2948e2]" name="tearDownClass" is-config="true" duration-ms="12" started-at="2019-10-06T07:00:05Z" finished-at="2019-10-06T07:00:05Z">
          <reporter-output>
          </reporter-output>
        </test-method> <!-- tearDownClass -->
        <test-method status="PASS" signature="stopReport()[pri:0, instance:runner.TC001_LoginLogout@2b2948e2]" name="stopReport" is-config="true" duration-ms="188" started-at="2019-10-06T07:00:05Z" finished-at="2019-10-06T07:00:05Z">
          <reporter-output>
          </reporter-output>
        </test-method> <!-- stopReport -->
      </class> <!-- runner.TC001_LoginLogout -->
    </test> <!-- Test -->
  </suite> <!-- Suite -->
</testng-results>
